<?xml version="1.0" encoding="UTF-8"?>
<testng-results ignored="0" total="3" passed="3" failed="0" skipped="0">
  <reporter-output>
  </reporter-output>
  <suite started-at="2024-09-12T22:26:01 IST" name="Default suite" finished-at="2024-09-12T22:26:15 IST" duration-ms="14000">
    <groups>
      <group name="cucumber">
        <method signature="AbstractTestNGCucumberTests.runScenario(io.cucumber.testng.PickleWrapper,io.cucumber.testng.FeatureWrapper)[pri:0, instance:TestRunner.RunnerTest@5158b42f]" name="runScenario" class="io.cucumber.testng.AbstractTestNGCucumberTests"/>
      </group> <!-- cucumber -->
    </groups>
    <test started-at="2024-09-12T22:26:01 IST" name="Default test" finished-at="2024-09-12T22:26:15 IST" duration-ms="14000">
      <class name="TestRunner.RunnerTest">
        <test-method is-config="true" signature="setUpClass()[pri:0, instance:TestRunner.RunnerTest@5158b42f]" started-at="2024-09-12T22:26:01 IST" name="setUpClass" finished-at="2024-09-12T22:26:01 IST" duration-ms="301" status="PASS">
          <reporter-output>
          </reporter-output>
        </test-method> <!-- setUpClass -->
        <test-method signature="runScenario(io.cucumber.testng.PickleWrapper,io.cucumber.testng.FeatureWrapper)[pri:0, instance:TestRunner.RunnerTest@5158b42f]" started-at="2024-09-12T22:26:01 IST" name="runScenario" description="Runs Cucumber Scenarios" data-provider="scenarios" finished-at="2024-09-12T22:26:15 IST" duration-ms="13471" status="PASS">
          <params>
            <param index="0">
              <value>
                <![CDATA["validate redbus url"]]>
              </value>
            </param>
            <param index="1">
              <value>
                <![CDATA["Optional[Test Parallel Scenarios]"]]>
              </value>
            </param>
          </params>
          <reporter-output>
          </reporter-output>
        </test-method> <!-- runScenario -->
        <test-method signature="runScenario(io.cucumber.testng.PickleWrapper,io.cucumber.testng.FeatureWrapper)[pri:0, instance:TestRunner.RunnerTest@5158b42f]" started-at="2024-09-12T22:26:01 IST" name="runScenario" description="Runs Cucumber Scenarios" data-provider="scenarios" finished-at="2024-09-12T22:26:15 IST" duration-ms="13634" status="PASS">
          <params>
            <param index="0">
              <value>
                <![CDATA["validate google url"]]>
              </value>
            </param>
            <param index="1">
              <value>
                <![CDATA["Optional[Test Parallel Scenarios]"]]>
              </value>
            </param>
          </params>
          <reporter-output>
          </reporter-output>
        </test-method> <!-- runScenario -->
        <test-method signature="runScenario(io.cucumber.testng.PickleWrapper,io.cucumber.testng.FeatureWrapper)[pri:0, instance:TestRunner.RunnerTest@5158b42f]" started-at="2024-09-12T22:26:01 IST" name="runScenario" description="Runs Cucumber Scenarios" data-provider="scenarios" finished-at="2024-09-12T22:26:14 IST" duration-ms="13138" status="PASS">
          <params>
            <param index="0">
              <value>
                <![CDATA["validate facebook url"]]>
              </value>
            </param>
            <param index="1">
              <value>
                <![CDATA["Optional[Test Parallel Scenarios]"]]>
              </value>
            </param>
          </params>
          <reporter-output>
          </reporter-output>
        </test-method> <!-- runScenario -->
        <test-method is-config="true" signature="tearDownClass()[pri:0, instance:TestRunner.RunnerTest@5158b42f]" started-at="2024-09-12T22:26:15 IST" name="tearDownClass" finished-at="2024-09-12T22:26:15 IST" duration-ms="13" status="PASS">
          <reporter-output>
          </reporter-output>
        </test-method> <!-- tearDownClass -->
      </class> <!-- TestRunner.RunnerTest -->
    </test> <!-- Default test -->
  </suite> <!-- Default suite -->
</testng-results>
